{
  "stats": {
    "suites": 3,
    "tests": 2,
    "passes": 2,
    "pending": 0,
    "failures": 0,
    "start": "2017-11-28T08:07:51.690Z",
    "end": "2017-11-28T08:07:51.722Z",
    "duration": 32,
    "testsRegistered": 2,
    "passPercent": 100,
    "pendingPercent": 0,
    "other": 0,
    "hasOther": false,
    "skipped": 0,
    "hasSkipped": false,
    "passPercentClass": "success",
    "pendingPercentClass": "danger"
  },
  "suites": {
    "title": "",
    "suites": [
      {
        "title": "countNum:找出字符串中字符数最多的那个字符,不包括空格",
        "suites": [
          {
            "title": "找出字符串中字符数最多的那个字符",
            "suites": [],
            "tests": [
              {
                "title": "should return l",
                "fullTitle": "countNum:找出字符串中字符数最多的那个字符,不包括空格 找出字符串中字符数最多的那个字符 should return l",
                "timedOut": false,
                "duration": 3,
                "state": "passed",
                "speed": "fast",
                "pass": true,
                "fail": false,
                "pending": false,
                "code": "expect(_index2.default.countNum('hello world')[0]).to.eq('l');",
                "err": {},
                "isRoot": false,
                "uuid": "62ac6451-4fda-4882-a6b9-cf9971aebeee",
                "parentUUID": "b940d929-096e-48c4-99c1-cc5e4da4c670",
                "isHook": false,
                "skipped": false
              }
            ],
            "pending": [],
            "root": false,
            "_timeout": 2000,
            "file": "\\test\\utils.js",
            "uuid": "b940d929-096e-48c4-99c1-cc5e4da4c670",
            "beforeHooks": [],
            "afterHooks": [],
            "fullFile": "G:\\aegis_utils\\test\\utils.js",
            "passes": [
              {
                "title": "should return l",
                "fullTitle": "countNum:找出字符串中字符数最多的那个字符,不包括空格 找出字符串中字符数最多的那个字符 should return l",
                "timedOut": false,
                "duration": 3,
                "state": "passed",
                "speed": "fast",
                "pass": true,
                "fail": false,
                "pending": false,
                "code": "expect(_index2.default.countNum('hello world')[0]).to.eq('l');",
                "err": {},
                "isRoot": false,
                "uuid": "62ac6451-4fda-4882-a6b9-cf9971aebeee",
                "parentUUID": "b940d929-096e-48c4-99c1-cc5e4da4c670",
                "isHook": false,
                "skipped": false
              }
            ],
            "failures": [],
            "skipped": [],
            "hasBeforeHooks": false,
            "hasAfterHooks": false,
            "hasTests": true,
            "hasSuites": false,
            "totalTests": 1,
            "totalPasses": 1,
            "totalFailures": 0,
            "totalPending": 0,
            "totalSkipped": 0,
            "hasPasses": true,
            "hasFailures": false,
            "hasPending": false,
            "hasSkipped": false,
            "duration": 3,
            "rootEmpty": false
          },
          {
            "title": "有相同个数的最多的字符串",
            "suites": [],
            "tests": [
              {
                "title": "should return 3",
                "fullTitle": "countNum:找出字符串中字符数最多的那个字符,不包括空格 有相同个数的最多的字符串 should return 3",
                "timedOut": false,
                "duration": 0,
                "state": "passed",
                "speed": "fast",
                "pass": true,
                "fail": false,
                "pending": false,
                "code": "expect(_index2.default.countNum('hh ee llo').length).to.eq(3);",
                "err": {},
                "isRoot": false,
                "uuid": "c2982e98-2612-4afe-9d3d-6c8766e24fb8",
                "parentUUID": "e997426e-2bf8-49cc-892a-8137fa147838",
                "isHook": false,
                "skipped": false
              }
            ],
            "pending": [],
            "root": false,
            "_timeout": 2000,
            "file": "\\test\\utils.js",
            "uuid": "e997426e-2bf8-49cc-892a-8137fa147838",
            "beforeHooks": [],
            "afterHooks": [],
            "fullFile": "G:\\aegis_utils\\test\\utils.js",
            "passes": [
              {
                "title": "should return 3",
                "fullTitle": "countNum:找出字符串中字符数最多的那个字符,不包括空格 有相同个数的最多的字符串 should return 3",
                "timedOut": false,
                "duration": 0,
                "state": "passed",
                "speed": "fast",
                "pass": true,
                "fail": false,
                "pending": false,
                "code": "expect(_index2.default.countNum('hh ee llo').length).to.eq(3);",
                "err": {},
                "isRoot": false,
                "uuid": "c2982e98-2612-4afe-9d3d-6c8766e24fb8",
                "parentUUID": "e997426e-2bf8-49cc-892a-8137fa147838",
                "isHook": false,
                "skipped": false
              }
            ],
            "failures": [],
            "skipped": [],
            "hasBeforeHooks": false,
            "hasAfterHooks": false,
            "hasTests": true,
            "hasSuites": false,
            "totalTests": 1,
            "totalPasses": 1,
            "totalFailures": 0,
            "totalPending": 0,
            "totalSkipped": 0,
            "hasPasses": true,
            "hasFailures": false,
            "hasPending": false,
            "hasSkipped": false,
            "duration": 0,
            "rootEmpty": false
          }
        ],
        "tests": [],
        "pending": [],
        "root": false,
        "_timeout": 2000,
        "file": "\\test\\utils.js",
        "uuid": "c227de1f-4a36-4b64-9aaa-8e4f5073fc8c",
        "beforeHooks": [],
        "afterHooks": [],
        "fullFile": "G:\\aegis_utils\\test\\utils.js",
        "passes": [],
        "failures": [],
        "skipped": [],
        "hasBeforeHooks": false,
        "hasAfterHooks": false,
        "hasTests": false,
        "hasSuites": true,
        "totalTests": 0,
        "totalPasses": 0,
        "totalFailures": 0,
        "totalPending": 0,
        "totalSkipped": 0,
        "hasPasses": false,
        "hasFailures": false,
        "hasPending": false,
        "hasSkipped": false,
        "duration": 0,
        "rootEmpty": false
      }
    ],
    "tests": [],
    "pending": [],
    "root": true,
    "_timeout": 2000,
    "uuid": "d2a68710-83f9-4c82-9c92-ab859dfd4d58",
    "beforeHooks": [],
    "afterHooks": [],
    "fullFile": "",
    "file": "",
    "passes": [],
    "failures": [],
    "skipped": [],
    "hasBeforeHooks": false,
    "hasAfterHooks": false,
    "hasTests": false,
    "hasSuites": true,
    "totalTests": 0,
    "totalPasses": 0,
    "totalFailures": 0,
    "totalPending": 0,
    "totalSkipped": 0,
    "hasPasses": false,
    "hasFailures": false,
    "hasPending": false,
    "hasSkipped": false,
    "duration": 0,
    "rootEmpty": true
  },
  "allTests": [
    {
      "title": "should return l",
      "fullTitle": "找出字符串中字符数最多的那个字符 should return l",
      "timedOut": false,
      "duration": 3,
      "state": "passed",
      "speed": "fast",
      "pass": true,
      "fail": false,
      "pending": false,
      "code": "expect(_index2.default.countNum('hello world')[0]).to.eq('l');",
      "err": {},
      "isRoot": false,
      "uuid": "62ac6451-4fda-4882-a6b9-cf9971aebeee",
      "parentUUID": "b940d929-096e-48c4-99c1-cc5e4da4c670",
      "isHook": false,
      "skipped": false
    },
    {
      "title": "should return 3",
      "fullTitle": "有相同个数的最多的字符串 should return 3",
      "timedOut": false,
      "duration": 0,
      "state": "passed",
      "speed": "fast",
      "pass": true,
      "fail": false,
      "pending": false,
      "code": "expect(_index2.default.countNum('hh ee llo').length).to.eq(3);",
      "err": {},
      "isRoot": false,
      "uuid": "c2982e98-2612-4afe-9d3d-6c8766e24fb8",
      "parentUUID": "e997426e-2bf8-49cc-892a-8137fa147838",
      "isHook": false,
      "skipped": false
    }
  ],
  "allPending": [],
  "allPasses": [
    {
      "title": "should return l",
      "fullTitle": "找出字符串中字符数最多的那个字符 should return l",
      "timedOut": false,
      "duration": 3,
      "state": "passed",
      "speed": "fast",
      "pass": true,
      "fail": false,
      "pending": false,
      "code": "expect(_index2.default.countNum('hello world')[0]).to.eq('l');",
      "err": {},
      "isRoot": false,
      "uuid": "62ac6451-4fda-4882-a6b9-cf9971aebeee",
      "parentUUID": "b940d929-096e-48c4-99c1-cc5e4da4c670",
      "isHook": false,
      "skipped": false
    },
    {
      "title": "should return 3",
      "fullTitle": "有相同个数的最多的字符串 should return 3",
      "timedOut": false,
      "duration": 0,
      "state": "passed",
      "speed": "fast",
      "pass": true,
      "fail": false,
      "pending": false,
      "code": "expect(_index2.default.countNum('hh ee llo').length).to.eq(3);",
      "err": {},
      "isRoot": false,
      "uuid": "c2982e98-2612-4afe-9d3d-6c8766e24fb8",
      "parentUUID": "e997426e-2bf8-49cc-892a-8137fa147838",
      "isHook": false,
      "skipped": false
    }
  ],
  "allFailures": [],
  "copyrightYear": 2017
}